This is e-pTeX, Version 3.14159265-p3.5-130605-2.6 (utf8.euc) (TeX Live 2014) (preloaded format=platex 2014.10.14)  29 JUN 2015 18:32
entering extended mode
 restricted \write18 enabled.
 %&-line parsing enabled.
**main.tex
(./main.tex
pLaTeX2e <2006/11/10> (based on LaTeX2e <2014/05/01> patch level 0)
Babel <3.9k> and hyphenation patterns for 78 languages loaded.
(/usr/local/texlive/2014/texmf-dist/tex/platex/base/jarticle.cls
Document Class: jarticle 2006/06/27 v1.6 Standard pLaTeX class
\c@@paper=\count81
(/usr/local/texlive/2014/texmf-dist/tex/platex/base/jsize11.clo
File: jsize11.clo 2006/06/27 v1.6 Standard pLaTeX file (size option)
)
\c@part=\count82
\c@section=\count83
\c@subsection=\count84
\c@subsubsection=\count85
\c@paragraph=\count86
\c@subparagraph=\count87
\c@figure=\count88
\c@table=\count89
\abovecaptionskip=\skip41
\belowcaptionskip=\skip42
\symmincho=\mathgroup4
LaTeX Font Info:    Overwriting symbol font `mincho' in version `bold'
(Font)                  JY1/mc/m/n --> JY1/gt/m/n on input line 601.
\toclineskip=\dimen118
\@lnumwidth=\dimen119
\bibindent=\dimen120
\heisei=\count90
)
(/usr/local/texlive/2014/texmf-dist/tex/latex/graphics/graphicx.sty
Package: graphicx 2014/04/25 v1.0g Enhanced LaTeX Graphics (DPC,SPQR)

(/usr/local/texlive/2014/texmf-dist/tex/latex/graphics/keyval.sty
Package: keyval 2014/05/08 v1.15 key=value parser (DPC)
\KV@toks@=\toks15
)
(/usr/local/texlive/2014/texmf-dist/tex/latex/graphics/graphics.sty
Package: graphics 2009/02/05 v1.0o Standard LaTeX Graphics (DPC,SPQR)

(/usr/local/texlive/2014/texmf-dist/tex/latex/graphics/trig.sty
Package: trig 1999/03/16 v1.09 sin cos tan (DPC)
)
(/usr/local/texlive/2014/texmf-dist/tex/latex/latexconfig/graphics.cfg
File: graphics.cfg 2010/04/23 v1.9 graphics configuration of TeX Live
)
Package graphics Info: Driver file: dvips.def on input line 91.

(/usr/local/texlive/2014/texmf-dist/tex/latex/graphics/dvips.def
File: dvips.def 2014/04/23 v3.0j Driver-dependant file (DPC,SPQR)
))
\Gin@req@height=\dimen121
\Gin@req@width=\dimen122
)
(/usr/local/texlive/2014/texmf-dist/tex/latex/amsmath/amsmath.sty
Package: amsmath 2013/01/14 v2.14 AMS math features
\@mathmargin=\skip43

For additional information on amsmath, use the `?' option.
(/usr/local/texlive/2014/texmf-dist/tex/latex/amsmath/amstext.sty
Package: amstext 2000/06/29 v2.01

(/usr/local/texlive/2014/texmf-dist/tex/latex/amsmath/amsgen.sty
File: amsgen.sty 1999/11/30 v2.0
\@emptytoks=\toks16
\ex@=\dimen123
))
(/usr/local/texlive/2014/texmf-dist/tex/latex/amsmath/amsbsy.sty
Package: amsbsy 1999/11/29 v1.2d
\pmbraise@=\dimen124
)
(/usr/local/texlive/2014/texmf-dist/tex/latex/amsmath/amsopn.sty
Package: amsopn 1999/12/14 v2.01 operator names
)
\inf@bad=\count91
LaTeX Info: Redefining \frac on input line 210.
\uproot@=\count92
\leftroot@=\count93
LaTeX Info: Redefining \overline on input line 306.
\classnum@=\count94
\DOTSCASE@=\count95
LaTeX Info: Redefining \ldots on input line 378.
LaTeX Info: Redefining \dots on input line 381.
LaTeX Info: Redefining \cdots on input line 466.
\Mathstrutbox@=\box41
\strutbox@=\box42
\big@size=\dimen125
LaTeX Font Info:    Redeclaring font encoding OML on input line 566.
LaTeX Font Info:    Redeclaring font encoding OMS on input line 567.
\macc@depth=\count96
\c@MaxMatrixCols=\count97
\dotsspace@=\muskip10
\c@parentequation=\count98
\dspbrk@lvl=\count99
\tag@help=\toks17
\row@=\count100
\column@=\count101
\maxfields@=\count102
\andhelp@=\toks18
\eqnshift@=\dimen126
\alignsep@=\dimen127
\tagshift@=\dimen128
\tagwidth@=\dimen129
\totwidth@=\dimen130
\lineht@=\dimen131
\@envbody=\toks19
\multlinegap=\skip44
\multlinetaggap=\skip45
\mathdisplay@stack=\toks20
LaTeX Info: Redefining \[ on input line 2665.
LaTeX Info: Redefining \] on input line 2666.
)
(/usr/local/texlive/2014/texmf-dist/tex/latex/url/url.sty
\Urlmuskip=\muskip11
Package: url 2013/09/16  ver 3.4  Verb mode for urls, etc.
)
\c@thm=\count103
 (./main.aux)
\openout1 = `main.aux'.

LaTeX Font Info:    Checking defaults for OML/cmm/m/it on input line 55.
LaTeX Font Info:    ... okay on input line 55.
LaTeX Font Info:    Checking defaults for T1/cmr/m/n on input line 55.
LaTeX Font Info:    ... okay on input line 55.
LaTeX Font Info:    Checking defaults for OT1/cmr/m/n on input line 55.
LaTeX Font Info:    ... okay on input line 55.
LaTeX Font Info:    Checking defaults for OMS/cmsy/m/n on input line 55.
LaTeX Font Info:    ... okay on input line 55.
LaTeX Font Info:    Checking defaults for OMX/cmex/m/n on input line 55.
LaTeX Font Info:    ... okay on input line 55.
LaTeX Font Info:    Checking defaults for U/cmr/m/n on input line 55.
LaTeX Font Info:    ... okay on input line 55.
LaTeX Font Info:    Checking defaults for JY1/mc/m/n on input line 55.
LaTeX Font Info:    ... okay on input line 55.
LaTeX Font Info:    Checking defaults for JT1/mc/m/n on input line 55.
LaTeX Font Info:    ... okay on input line 55.
LaTeX Font Info:    Font shape `JT1/mc/bx/n' in size <14.4> not available
(Font)              Font shape `JT1/gt/m/n' tried instead on input line 66.
LaTeX Font Info:    Font shape `JY1/mc/bx/n' in size <14.4> not available
(Font)              Font shape `JY1/gt/m/n' tried instead on input line 66.
LaTeX Font Info:    Font shape `JT1/mc/bx/n' in size <12> not available
(Font)              Font shape `JT1/gt/m/n' tried instead on input line 74.
LaTeX Font Info:    Font shape `JY1/mc/bx/n' in size <12> not available
(Font)              Font shape `JY1/gt/m/n' tried instead on input line 74.
LaTeX Font Info:    Font shape `JT1/mc/bx/n' in size <10.95> not available
(Font)              Font shape `JT1/gt/m/n' tried instead on input line 78.
LaTeX Font Info:    Font shape `JY1/mc/bx/n' in size <10.95> not available
(Font)              Font shape `JY1/gt/m/n' tried instead on input line 78.


LaTeX Warning: Citation `QUIC' on page 1 undefined on input line 78.


LaTeX Warning: Citation `QUIC:Crypto' on page 1 undefined on input line 86.


LaTeX Warning: Reference `fig:quic' on page 1 undefined on input line 103.


Overfull \hbox (0.40332pt too wide) in paragraph at lines 77--104
[]\OT1/cmr/m/n/10.95 Quick UDP In-ter-net Con-nec-tions (QUIC for
 []


Overfull \hbox (7.5264pt too wide) in paragraph at lines 77--104
\OT1/cmr/m/n/10.95 ex-per-i-men-tally im-ple-mented in Google Chrome.
 []


Overfull \hbox (6.71912pt too wide) in paragraph at lines 77--104
\OT1/cmr/m/n/10.95 pro-vide an al-ter-na-tive equiv-a-lence of TLS wrap-
 []


LaTeX Warning: Citation `FG14:QUIC' on page 1 undefined on input line 109.


LaTeX Warning: Citation `LJBN15:QUIC' on page 1 undefined on input line 109.


LaTeX Warning: Citation `FG14:QUIC' on page 1 undefined on input line 111.


LaTeX Warning: Citation `BR93:AKE' on page 1 undefined on input line 112.


LaTeX Warning: Citation `FG14:QUIC' on page 1 undefined on input line 114.


LaTeX Warning: Reference `fig:quic' on page 1 undefined on input line 116.


LaTeX Font Warning: Font shape `JT1/mc/m/it' undefined
(Font)              using `JT1/mc/m/n' instead on input line 117.


LaTeX Font Warning: Font shape `JY1/mc/m/it' undefined
(Font)              using `JY1/mc/m/n' instead on input line 117.


LaTeX Warning: Citation `JKSS12:ACCE' on page 1 undefined on input line 119.


LaTeX Warning: Citation `FG14:QUIC' on page 1 undefined on input line 120.


Overfull \hbox (10.5832pt too wide) in paragraph at lines 109--143
\OT1/cmr/m/n/10.95 exchange as an ex-ten-sion of the Bellare-Rogaway
 []


Overfull \hbox (20.18787pt too wide) in paragraph at lines 109--143
\OT1/cmr/m/n/10.95 col, which can-not pre-serve \OT1/cmr/m/it/10.95 key-indisti
nguishability\OT1/cmr/m/n/10.95 .
 []


Overfull \hbox (0.27197pt too wide) in paragraph at lines 109--143
\OT1/cmr/m/n/10.95 cause an ad-ver-sary can es-tab-lish a ses-sion with
 []

[1


]

LaTeX Warning: Citation `CK01:AKE' on page 2 undefined on input line 148.


LaTeX Warning: Citation `BR93:AKE' on page 2 undefined on input line 149.


LaTeX Warning: Citation `JKSS12:ACCE' on page 2 undefined on input line 153.


LaTeX Warning: Citation `KPW13:SACCE' on page 2 undefined on input line 153.


LaTeX Warning: Citation `FS13:ACCE' on page 2 undefined on input line 153.


LaTeX Warning: Citation `GKS13:RACCE' on page 2 undefined on input line 153.


LaTeX Warning: Citation `BDKSS14:SSH' on page 2 undefined on input line 153.


LaTeX Warning: Citation `BFKPSB14:TLS' on page 2 undefined on input line 153.


LaTeX Warning: Citation `KPW13:SACCE' on page 2 undefined on input line 157.


Overfull \hbox (10.46164pt too wide) in paragraph at lines 147--163
\OT1/cmr/m/n/10.95 pro-to-col does not sat-isfy key-indistinguishability
 []


Overfull \hbox (8.27034pt too wide) in paragraph at lines 147--163
\OT1/cmr/m/n/10.95 the SACCE se-cu-rity model only con-cerns, which
 []


Overfull \hbox (2.76613pt too wide) in paragraph at lines 168--182
\OT1/cmr/m/n/10.95 We also pro-vide a stronger model, called strong
 []


Overfull \hbox (12.25497pt too wide) in paragraph at lines 185--189
\OT1/cmr/m/n/10.95 anal-yse an op-tional ver-sion of QUIC with CETV,
 []

[2] (./main.aux)

LaTeX Font Warning: Some font shapes were not available, defaults substituted.


LaTeX Warning: There were undefined references.

 ) 
Here is how much of TeX's memory you used:
 1326 strings out of 493807
 15280 string characters out of 6151950
 82180 words of memory out of 5000000
 4823 multiletter control sequences out of 15000+600000
 15370 words of font info for 60 fonts, out of 8000000 for 9000
 929 hyphenation exceptions out of 8191
 27i,4n,23p,237b,266s stack positions out of 5000i,500n,10000p,200000b,80000s

Output written on main.dvi (2 pages, 11960 bytes).
